<?xml version="1.0" encoding="UTF-8"?>
<!-- Generated by org.testng.reporters.JUnitReportReporter -->
<testsuite hostname="LAPTOP-P1FTFLTV" failures="0" tests="1" name="qaclickacademy.Mavenjava.AppTest" time="0.005" errors="0" timestamp="07 Jul 2021 11:55:46 GMT" skipped="0">
  <testcase classname="qaclickacademy.Mavenjava.AppTest" name="shouldAnswerWithTrue" time="0.005"/>
</testsuite> <!-- qaclickacademy.Mavenjava.AppTest -->
