<?xml version="1.0" encoding="UTF-8"?>
<!-- Generated by org.testng.reporters.JUnitReportReporter -->
<testsuite hostname="LAPTOP-P1FTFLTV" failures="0" tests="2" name="qaclickacademy.Mavenjava.RestAPITest" time="0.002" errors="0" timestamp="07 Jul 2021 11:55:46 GMT" skipped="0">
  <testcase classname="qaclickacademy.Mavenjava.RestAPITest" name="postJira" time="0.001"/>
  <testcase classname="qaclickacademy.Mavenjava.RestAPITest" name="deleteTwitter" time="0.001"/>
</testsuite> <!-- qaclickacademy.Mavenjava.RestAPITest -->
